<?xml version="1.0" encoding="UTF-8"?>
<!-- Generated by org.testng.reporters.JUnitReportReporter -->
<testsuite hostname="LAPTOP-RERLQ593" failures="0" tests="2" name="com.sgtesting.actitime.testsuite.DriverScript" time="82.052" errors="0" timestamp="2024-01-12T19:10:16 IST" skipped="0">
  <testcase classname="com.sgtesting.actitime.testsuite.DriverScript" name="feature" time="57.877"/>
  <system-out/>
  <testcase classname="com.sgtesting.actitime.testsuite.DriverScript" name="feature" time="24.175"/>
  <system-out/>
</testsuite> <!-- com.sgtesting.actitime.testsuite.DriverScript -->
